android/app/build/intermediates/manifest_merge_blame_file/debug/processDebugMainManifest/manifest-merger-blame-debug-report.txt
1<?xml version="1.0" encoding="utf-8"?>
2<manifest xmlns:android="http://schemas.android.com/apk/res/android"
3    package="com.epigeos.reo"
4    android:versionCode="1"
5    android:versionName="1.0" >
6
7    <uses-sdk
8        android:minSdkVersion="21"
9        android:targetSdkVersion="35" />
10
11    <!-- OpenGL ES 2.0 -->
12    <uses-feature android:glEsVersion="0x00020000" />
12-->src/main/AndroidManifest.xml:6:5-54
12-->src/main/AndroidManifest.xml:6:19-51
13
14    <!-- Touchscreen support -->
15    <uses-feature
15-->src/main/AndroidManifest.xml:9:5-11:36
16        android:name="android.hardware.touchscreen"
16-->src/main/AndroidManifest.xml:10:9-52
17        android:required="false" />
17-->src/main/AndroidManifest.xml:11:9-33
18
19    <!-- Game controller support -->
20    <uses-feature
20-->src/main/AndroidManifest.xml:14:5-16:36
21        android:name="android.hardware.bluetooth"
21-->src/main/AndroidManifest.xml:15:9-50
22        android:required="false" />
22-->src/main/AndroidManifest.xml:16:9-33
23    <uses-feature
23-->src/main/AndroidManifest.xml:17:5-19:36
24        android:name="android.hardware.gamepad"
24-->src/main/AndroidManifest.xml:18:9-48
25        android:required="false" />
25-->src/main/AndroidManifest.xml:19:9-33
26    <uses-feature
26-->src/main/AndroidManifest.xml:20:5-22:36
27        android:name="android.hardware.usb.host"
27-->src/main/AndroidManifest.xml:21:9-49
28        android:required="false" />
28-->src/main/AndroidManifest.xml:22:9-33
29
30    <!-- External mouse input events -->
31    <uses-feature
31-->src/main/AndroidManifest.xml:25:5-27:36
32        android:name="android.hardware.type.pc"
32-->src/main/AndroidManifest.xml:26:9-48
33        android:required="false" />
33-->src/main/AndroidManifest.xml:27:9-33
34
35    <!-- Allow access to the vibrator -->
36    <uses-permission android:name="android.permission.VIBRATE" />
36-->src/main/AndroidManifest.xml:30:5-66
36-->src/main/AndroidManifest.xml:30:22-63
37
38    <application
38-->src/main/AndroidManifest.xml:32:5-57:19
39        android:allowBackup="true"
39-->src/main/AndroidManifest.xml:34:9-35
40        android:dataExtractionRules="@xml/data_extraction_rules"
40-->src/main/AndroidManifest.xml:35:9-65
41        android:debuggable="true"
42        android:extractNativeLibs="true"
43        android:fullBackupContent="@xml/backup_rules"
43-->src/main/AndroidManifest.xml:36:9-54
44        android:hardwareAccelerated="true"
44-->src/main/AndroidManifest.xml:41:9-43
45        android:icon="@mipmap/ic_launcher"
45-->src/main/AndroidManifest.xml:38:9-43
46        android:label="Reo"
46-->src/main/AndroidManifest.xml:37:9-28
47        android:roundIcon="@mipmap/ic_launcher_round"
47-->src/main/AndroidManifest.xml:39:9-54
48        android:supportsRtl="true"
48-->src/main/AndroidManifest.xml:40:9-35
49        android:testOnly="true"
50        android:theme="@android:style/Theme.NoTitleBar.Fullscreen" >
50-->src/main/AndroidManifest.xml:33:9-67
51        <activity
51-->src/main/AndroidManifest.xml:43:9-56:20
52            android:name="com.epigeos.reo.MainActivity"
52-->src/main/AndroidManifest.xml:44:13-56
53            android:configChanges="layoutDirection|locale|orientation|uiMode|screenLayout|screenSize|smallestScreenSize|keyboard|keyboardHidden|navigation"
53-->src/main/AndroidManifest.xml:46:13-156
54            android:exported="true"
54-->src/main/AndroidManifest.xml:45:13-36
55            android:preferMinimalPostProcessing="true" >
55-->src/main/AndroidManifest.xml:47:13-55
56            <intent-filter>
56-->src/main/AndroidManifest.xml:48:13-52:29
57                <action android:name="android.intent.action.MAIN" />
57-->src/main/AndroidManifest.xml:49:17-69
57-->src/main/AndroidManifest.xml:49:25-66
58
59                <category android:name="android.intent.category.LAUNCHER" />
59-->src/main/AndroidManifest.xml:51:17-77
59-->src/main/AndroidManifest.xml:51:27-74
60            </intent-filter>
61            <intent-filter>
61-->src/main/AndroidManifest.xml:53:13-55:29
62                <action android:name="android.hardware.usb.action.USB_DEVICE_ATTACHED" />
62-->src/main/AndroidManifest.xml:54:17-90
62-->src/main/AndroidManifest.xml:54:25-87
63            </intent-filter>
64        </activity>
65    </application>
66
67</manifest>